[2026-04-10T02:00:02.649Z] Starting scheduled pipeline run...
[2026-04-10T02:00:02.661Z] Pipeline finished.
✅ Step 0 (download): 0 processed, 0 errors, 0 skipped (0ms)
Summary: Total Processed: 0, Total Errors: 0
[2026-04-10T03:00:02.266Z] Starting scheduled pipeline run...
[2026-04-10T03:00:02.270Z] Pipeline finished.
✅ Step 0 (download): 0 processed, 0 errors, 0 skipped (0ms)
Summary: Total Processed: 0, Total Errors: 0
[2026-04-10T04:00:01.846Z] Starting scheduled pipeline run...
[2026-04-10T04:00:01.850Z] Pipeline finished.
✅ Step 0 (download): 0 processed, 0 errors, 0 skipped (0ms)
Summary: Total Processed: 0, Total Errors: 0
[2026-04-10T11:00:01.811Z] Starting scheduled pipeline run...
[2026-04-10T11:00:01.815Z] Pipeline finished.
✅ Step 0 (download): 0 processed, 0 errors, 0 skipped (0ms)
Summary: Total Processed: 0, Total Errors: 0
[2026-04-10T12:00:02.487Z] Starting scheduled pipeline run...
[2026-04-10T12:00:02.497Z] Pipeline finished.
✅ Step 0 (download): 0 processed, 0 errors, 0 skipped (1ms)
Summary: Total Processed: 0, Total Errors: 0
[2026-04-10T13:00:02.206Z] Starting scheduled pipeline run...
[2026-04-10T13:00:02.211Z] Pipeline finished.
✅ Step 0 (download): 0 processed, 0 errors, 0 skipped (0ms)
Summary: Total Processed: 0, Total Errors: 0
[2026-04-10T14:00:03.547Z] Starting scheduled pipeline run...
[2026-04-10T14:00:03.568Z] Pipeline finished.
✅ Step 0 (download): 0 processed, 0 errors, 0 skipped (1ms)
Summary: Total Processed: 0, Total Errors: 0
[2026-04-15T17:00:05.470Z] Starting scheduled pipeline run...
[2026-04-15T17:00:05.524Z] Pipeline finished.
✅ Step 0 (download): 0 processed, 0 errors, 0 skipped (2ms)
Summary: Total Processed: 0, Total Errors: 0
[2026-04-15T18:00:03.403Z] Starting scheduled pipeline run...
[2026-04-15T18:00:03.453Z] Pipeline finished.
✅ Step 0 (download): 0 processed, 0 errors, 0 skipped (2ms)
✅ Step 6 (notify): 0 processed, 0 errors, 0 skipped (2ms)
✅ Step 7 (archive): 0 processed, 0 errors, 0 skipped (0ms)
Summary: Total Processed: 0, Total Errors: 0
[2026-04-15T19:00:03.886Z] Starting scheduled pipeline run...
DB migrada correctamente: /home/ai_tamaprint/Software/orderloader/.data/orderloader.db
[2026-04-15T19:00:03.934Z] Pipeline finished.
✅ Step 0 (download): 0 processed, 0 errors, 0 skipped (1ms)
✅ Step 6 (notify): 0 processed, 0 errors, 0 skipped (2ms)
✅ Step 7 (archive): 0 processed, 0 errors, 0 skipped (0ms)
Summary: Total Processed: 0, Total Errors: 0
[2026-04-15T20:00:02.606Z] Starting scheduled pipeline run...
DB migrada correctamente: /home/ai_tamaprint/Software/orderloader/.data/orderloader.db
[2026-04-15T20:00:02.671Z] Pipeline finished.
✅ Step 0 (download): 0 processed, 0 errors, 0 skipped (1ms)
✅ Step 1 (parse): 0 processed, 0 errors, 109 skipped (11ms)
✅ Step 2 (validate-parse): 0 processed, 0 errors, 0 skipped (1ms)
✅ Step 3 (sap-query): 0 processed, 0 errors, 0 skipped (0ms)
✅ Step 4 (upload): 0 processed, 0 errors, 0 skipped (0ms)
✅ Step 5 (reconcile): 0 processed, 0 errors, 0 skipped (1ms)
✅ Step 6 (notify): 0 processed, 0 errors, 0 skipped (1ms)
✅ Step 7 (archive): 0 processed, 0 errors, 27 skipped (6ms)
Summary: Total Processed: 0, Total Errors: 0
[2026-04-15T21:00:02.975Z] Starting scheduled pipeline run...
DB migrada correctamente: /home/ai_tamaprint/Software/orderloader/.data/orderloader.db
[2026-04-15T21:00:03.000Z] Pipeline finished.
✅ Step 0 (download): 0 processed, 0 errors, 0 skipped (0ms)
✅ Step 1 (parse): 0 processed, 0 errors, 109 skipped (8ms)
✅ Step 2 (validate-parse): 0 processed, 0 errors, 0 skipped (1ms)
✅ Step 3 (sap-query): 0 processed, 0 errors, 0 skipped (0ms)
✅ Step 4 (upload): 0 processed, 0 errors, 0 skipped (0ms)
✅ Step 5 (reconcile): 0 processed, 0 errors, 0 skipped (1ms)
✅ Step 6 (notify): 0 processed, 0 errors, 0 skipped (0ms)
✅ Step 7 (archive): 0 processed, 0 errors, 27 skipped (6ms)
Summary: Total Processed: 0, Total Errors: 0
[2026-04-15T22:00:02.249Z] Starting scheduled pipeline run...
DB migrada correctamente: /home/ai_tamaprint/Software/orderloader/.data/orderloader.db
[2026-04-15T22:00:02.278Z] Pipeline finished.
✅ Step 0 (download): 0 processed, 0 errors, 0 skipped (1ms)
✅ Step 1 (parse): 0 processed, 0 errors, 109 skipped (8ms)
✅ Step 2 (validate-parse): 0 processed, 0 errors, 0 skipped (1ms)
✅ Step 3 (sap-query): 0 processed, 0 errors, 0 skipped (0ms)
✅ Step 4 (upload): 0 processed, 0 errors, 0 skipped (0ms)
✅ Step 5 (reconcile): 0 processed, 0 errors, 0 skipped (1ms)
✅ Step 6 (notify): 0 processed, 0 errors, 0 skipped (0ms)
✅ Step 7 (archive): 0 processed, 0 errors, 27 skipped (6ms)
Summary: Total Processed: 0, Total Errors: 0
